Arguments: 
  /usr/local/bin/node /usr/local/Cellar/yarn/1.3.2/libexec/bin/yarn.js upgrade

PATH: 
  /Users/sklaus/.rvm/gems/ruby-2.3.3/bin:/Users/sklaus/.rvm/gems/ruby-2.3.3@global/bin:/Users/sklaus/.rvm/rubies/ruby-2.3.3/bin:/opt/bin:/Users/sklaus/.npm-packages/bin:/usr/local/bin:/usr/bin:/bin:/usr/sbin:/sbin:/opt/ImageMagick/bin:/Users/sklaus/bin:/Users/sklaus/.yarn/bin:/Users/sklaus/.rvm/bin:/Users/sklaus/.rvm/bin:/Users/sklaus/Applications/pngquant

Yarn version: 
  1.3.2

Node version: 
  8.5.0

Platform: 
  darwin x64

npm manifest: 
  {
    "name": "a11y-headings",
    "version": "0.0.1",
    "description": "A bookmarklet to see screenreader headings",
    "scripts": {
      "start": "gulp work"
    },
    "main": "src/index.js",
    "dependencies": {
      "gulp": "~3.8.6",
      "gulp-autoprefixer": "^3.1.1",
      "gulp-sass": "^2.3.2"
      "gulp-concat": "~2.3.4",
      "gulp-filter": "^4.0.0",
      "gulp-rename": "~1.2.0",
      "gulp-uglify": "~0.3.1"
    }
  }

yarn manifest: 
  No manifest

Lockfile: 
  No lockfile

Trace: 
  SyntaxError: /Users/sklaus/HV/HV-Dev/Accessibility/a11y-headings/package.json: Unexpected string in JSON at position 292
      at JSON.parse (<anonymous>)
      at /usr/local/Cellar/yarn/1.3.2/libexec/lib/cli.js:770:59
      at Generator.next (<anonymous>)
      at step (/usr/local/Cellar/yarn/1.3.2/libexec/lib/cli.js:92:30)
      at /usr/local/Cellar/yarn/1.3.2/libexec/lib/cli.js:103:13
      at <anonymous>
